c:\users\zakir shakirov\documents\visual studio 2015\projects\consoleapplication1\consoleapplication1\debug\vc140.pdb
c:\users\zakir shakirov\documents\visual studio 2015\projects\consoleapplication1\consoleapplication1\debug\vc140.idb
c:\users\zakir shakirov\documents\visual studio 2015\projects\consoleapplication1\consoleapplication1\debug\main.obj
c:\users\zakir shakirov\documents\visual studio 2015\projects\consoleapplication1\consoleapplication1\debug\player.obj
c:\users\zakir shakirov\documents\visual studio 2015\projects\consoleapplication1\consoleapplication1\debug\mapobject.obj
c:\users\zakir shakirov\documents\visual studio 2015\projects\consoleapplication1\consoleapplication1\debug\mapelement.obj
c:\users\zakir shakirov\documents\visual studio 2015\projects\consoleapplication1\consoleapplication1\debug\playertank.obj
c:\users\zakir shakirov\documents\visual studio 2015\projects\consoleapplication1\consoleapplication1\debug\comptank.obj
c:\users\zakir shakirov\documents\visual studio 2015\projects\consoleapplication1\consoleapplication1\debug\gamemap.obj
c:\users\zakir shakirov\documents\visual studio 2015\projects\consoleapplication1\consoleapplication1\debug\block.obj
c:\users\zakir shakirov\documents\visual studio 2015\projects\consoleapplication1\consoleapplication1\debug\aiplayer.obj
c:\users\zakir shakirov\documents\visual studio 2015\projects\consoleapplication1\debug\consoleapplication1.ilk
c:\users\zakir shakirov\documents\visual studio 2015\projects\consoleapplication1\debug\consoleapplication1.exe
c:\users\zakir shakirov\documents\visual studio 2015\projects\consoleapplication1\debug\consoleapplication1.pdb
c:\users\zakir shakirov\documents\visual studio 2015\projects\consoleapplication1\consoleapplication1\debug\consolea.3a7ab42a.tlog\cl.command.1.tlog
c:\users\zakir shakirov\documents\visual studio 2015\projects\consoleapplication1\consoleapplication1\debug\consolea.3a7ab42a.tlog\cl.read.1.tlog
c:\users\zakir shakirov\documents\visual studio 2015\projects\consoleapplication1\consoleapplication1\debug\consolea.3a7ab42a.tlog\cl.write.1.tlog
c:\users\zakir shakirov\documents\visual studio 2015\projects\consoleapplication1\consoleapplication1\debug\consolea.3a7ab42a.tlog\link.command.1.tlog
c:\users\zakir shakirov\documents\visual studio 2015\projects\consoleapplication1\consoleapplication1\debug\consolea.3a7ab42a.tlog\link.read.1.tlog
c:\users\zakir shakirov\documents\visual studio 2015\projects\consoleapplication1\consoleapplication1\debug\consolea.3a7ab42a.tlog\link.write.1.tlog
